<?xml version="1.0" encoding="UTF-8"?>
<!-- Generated by org.testng.reporters.JUnitXMLReporter -->
<testsuite hostname="Amar" ignored="0" name="Default test" tests="5" failures="0" timestamp="07 Apr 2021 11:42:04 GMT" time="0.532" errors="0">
  <testcase name="testcity1" time="0.099" classname="sdet12.Data_Provider1"/>
  <testcase name="testcity1" time="0.014" classname="sdet12.Data_Provider1"/>
  <testcase name="testcity1" time="0.015" classname="sdet12.Data_Provider1"/>
  <testcase name="testcity1" time="0.017" classname="sdet12.Data_Provider1"/>
  <testcase name="testcity1" time="0.017" classname="sdet12.Data_Provider1"/>
</testsuite> <!-- Default test -->
